[0313/223656.272:ERROR:process_memory_win.cc(73)] ReadMemory at 0x7ff72cec0000 of 64 bytes failed: Only part of a ReadProcessMemory or WriteProcessMemory request was completed. (0x12B)
[0313/223656.274:WARNING:pe_image_reader.cc(340)] could not read dos header from C:\Program Files (x86)\Google\Chrome\Application\chrome.exe
[0313/223656.274:ERROR:process_memory_win.cc(73)] ReadMemory at 0x7ffe4ad90000 of 64 bytes failed: Only part of a ReadProcessMemory or WriteProcessMemory request was completed. (0x12B)
[0313/223656.274:WARNING:pe_image_reader.cc(340)] could not read dos header from C:\WINDOWS\SYSTEM32\ntdll.dll
[0313/223656.274:ERROR:process_memory_win.cc(73)] ReadMemory at 0x7ffe4aca0000 of 64 bytes failed: Only part of a ReadProcessMemory or WriteProcessMemory request was completed. (0x12B)
[0313/223656.276:WARNING:pe_image_reader.cc(340)] could not read dos header from C:\WINDOWS\System32\KERNEL32.DLL
[0313/223656.276:ERROR:process_memory_win.cc(73)] ReadMemory at 0x7ffe47a90000 of 64 bytes failed: Only part of a ReadProcessMemory or WriteProcessMemory request was completed. (0x12B)
[0313/223656.276:WARNING:pe_image_reader.cc(340)] could not read dos header from C:\WINDOWS\System32\KERNELBASE.dll
[0313/223656.276:ERROR:process_memory_win.cc(73)] ReadMemory at 0x7ffe16170000 of 64 bytes failed: Only part of a ReadProcessMemory or WriteProcessMemory request was completed. (0x12B)
[0313/223656.276:WARNING:pe_image_reader.cc(340)] could not read dos header from C:\Program Files (x86)\Google\Chrome\Application\80.0.3987.132\chrome_elf.dll
[0313/223656.276:ERROR:process_memory_win.cc(73)] ReadMemory at 0x7ffe40a80000 of 64 bytes failed: Only part of a ReadProcessMemory or WriteProcessMemory request was completed. (0x12B)
[0313/223656.276:WARNING:pe_image_reader.cc(340)] could not read dos header from C:\WINDOWS\SYSTEM32\VERSION.dll
[0313/223656.276:ERROR:process_memory_win.cc(73)] ReadMemory at 0x7ffe4a330000 of 64 bytes failed: Only part of a ReadProcessMemory or WriteProcessMemory request was completed. (0x12B)
[0313/223656.276:WARNING:pe_image_reader.cc(340)] could not read dos header from C:\WINDOWS\System32\msvcrt.dll
[0313/223656.276:ERROR:process_memory_win.cc(73)] ReadMemory at 0x7ffe47f30000 of 64 bytes failed: Only part of a ReadProcessMemory or WriteProcessMemory request was completed. (0x12B)
[0313/223656.276:WARNING:pe_image_reader.cc(340)] could not read dos header from C:\WINDOWS\System32\bcryptPrimitives.dll
[0313/223656.276:ERROR:process_memory_win.cc(73)] ReadMemory at 0x7ffe4a6c0000 of 64 bytes failed: Only part of a ReadProcessMemory or WriteProcessMemory request was completed. (0x12B)
[0313/223656.276:WARNING:pe_image_reader.cc(340)] could not read dos header from C:\WINDOWS\System32\ADVAPI32.dll
[0313/223656.276:ERROR:process_memory_win.cc(73)] ReadMemory at 0x7ffe4a5f0000 of 64 bytes failed: Only part of a ReadProcessMemory or WriteProcessMemory request was completed. (0x12B)
[0313/223656.276:WARNING:pe_image_reader.cc(340)] could not read dos header from C:\WINDOWS\System32\sechost.dll
[0313/223656.276:ERROR:process_memory_win.cc(73)] ReadMemory at 0x7ffe49f60000 of 64 bytes failed: Only part of a ReadProcessMemory or WriteProcessMemory request was completed. (0x12B)
[0313/223656.276:WARNING:pe_image_reader.cc(340)] could not read dos header from C:\WINDOWS\System32\RPCRT4.dll
[0313/223656.276:ERROR:process_memory_win.cc(73)] ReadMemory at 0x7ffdea8c0000 of 64 bytes failed: Only part of a ReadProcessMemory or WriteProcessMemory request was completed. (0x12B)
[0313/223656.276:WARNING:pe_image_reader.cc(340)] could not read dos header from C:\Program Files (x86)\Google\Chrome\Application\80.0.3987.132\chrome.dll
[0313/223656.276:ERROR:process_memory_win.cc(73)] ReadMemory at 0x7ffe4abd0000 of 64 bytes failed: Only part of a ReadProcessMemory or WriteProcessMemory request was completed. (0x12B)
[0313/223656.276:WARNING:pe_image_reader.cc(340)] could not read dos header from C:\WINDOWS\System32\WS2_32.dll
[0313/223656.276:ERROR:process_memory_win.cc(73)] ReadMemory at 0x7ffe48010000 of 64 bytes failed: Only part of a ReadProcessMemory or WriteProcessMemory request was completed. (0x12B)
[0313/223656.277:WARNING:pe_image_reader.cc(340)] could not read dos header from C:\WINDOWS\System32\OLEAUT32.dll
[0313/223656.277:ERROR:process_memory_win.cc(73)] ReadMemory at 0x7ffe477a0000 of 64 bytes failed: Only part of a ReadProcessMemory or WriteProcessMemory request was completed. (0x12B)
[0313/223656.277:WARNING:pe_image_reader.cc(340)] could not read dos header from C:\WINDOWS\System32\msvcp_win.dll
[0313/223656.277:ERROR:process_memory_win.cc(73)] ReadMemory at 0x7ffe47e30000 of 64 bytes failed: Only part of a ReadProcessMemory or WriteProcessMemory request was completed. (0x12B)
[0313/223656.277:WARNING:pe_image_reader.cc(340)] could not read dos header from C:\WINDOWS\System32\ucrtbase.dll
[0313/223656.277:ERROR:process_memory_win.cc(73)] ReadMemory at 0x7ffe4a8a0000 of 64 bytes failed: Only part of a ReadProcessMemory or WriteProcessMemory request was completed. (0x12B)
[0313/223656.277:WARNING:pe_image_reader.cc(340)] could not read dos header from C:\WINDOWS\System32\combase.dll
[0313/223656.277:ERROR:process_memory_win.cc(73)] ReadMemory at 0x7ffe47840000 of 64 bytes failed: Only part of a ReadProcessMemory or WriteProcessMemory request was completed. (0x12B)
[0313/223656.277:WARNING:pe_image_reader.cc(340)] could not read dos header from C:\WINDOWS\System32\WINTRUST.dll
[0313/223656.277:ERROR:process_memory_win.cc(73)] ReadMemory at 0x7ffe46e30000 of 64 bytes failed: Only part of a ReadProcessMemory or WriteProcessMemory request was completed. (0x12B)
[0313/223656.277:WARNING:pe_image_reader.cc(340)] could not read dos header from C:\WINDOWS\System32\MSASN1.dll
[0313/223656.277:ERROR:process_memory_win.cc(73)] ReadMemory at 0x7ffe46e70000 of 64 bytes failed: Only part of a ReadProcessMemory or WriteProcessMemory request was completed. (0x12B)
[0313/223656.277:WARNING:pe_image_reader.cc(340)] could not read dos header from C:\WINDOWS\System32\CRYPT32.dll
[0313/223656.277:ERROR:process_memory_win.cc(73)] ReadMemory at 0x7ffe46310000 of 64 bytes failed: Only part of a ReadProcessMemory or WriteProcessMemory request was completed. (0x12B)
[0313/223656.277:WARNING:pe_image_reader.cc(340)] could not read dos header from C:\WINDOWS\SYSTEM32\IPHLPAPI.DLL
[0313/223656.277:ERROR:process_memory_win.cc(73)] ReadMemory at 0x7ffe3dcd0000 of 64 bytes failed: Only part of a ReadProcessMemory or WriteProcessMemory request was completed. (0x12B)
[0313/223656.277:WARNING:pe_image_reader.cc(340)] could not read dos header from C:\WINDOWS\SYSTEM32\WINMM.dll
[0313/223656.277:ERROR:process_memory_win.cc(73)] ReadMemory at 0x7ffe3faf0000 of 64 bytes failed: Only part of a ReadProcessMemory or WriteProcessMemory request was completed. (0x12B)
[0313/223656.277:WARNING:pe_image_reader.cc(340)] could not read dos header from C:\WINDOWS\SYSTEM32\Secur32.dll
[0313/223656.277:ERROR:process_memory_win.cc(73)] ReadMemory at 0x7ffe46c80000 of 64 bytes failed: Only part of a ReadProcessMemory or WriteProcessMemory request was completed. (0x12B)
[0313/223656.277:WARNING:pe_image_reader.cc(340)] could not read dos header from C:\WINDOWS\SYSTEM32\USERENV.dll
[0313/223656.277:ERROR:process_memory_win.cc(73)] ReadMemory at 0x7ffe46e00000 of 64 bytes failed: Only part of a ReadProcessMemory or WriteProcessMemory request was completed. (0x12B)
[0313/223656.277:WARNING:pe_image_reader.cc(340)] could not read dos header from C:\WINDOWS\System32\profapi.dll
[0313/223656.277:ERROR:process_memory_win.cc(73)] ReadMemory at 0x7ffe206f0000 of 64 bytes failed: Only part of a ReadProcessMemory or WriteProcessMemory request was completed. (0x12B)
[0313/223656.277:WARNING:pe_image_reader.cc(340)] could not read dos header from C:\WINDOWS\SYSTEM32\UIAutomationCore.DLL
[0313/223656.277:ERROR:process_memory_win.cc(73)] ReadMemory at 0x7ffe293c0000 of 64 bytes failed: Only part of a ReadProcessMemory or WriteProcessMemory request was completed. (0x12B)
[0313/223656.277:WARNING:pe_image_reader.cc(340)] could not read dos header from C:\WINDOWS\SYSTEM32\DWrite.dll
[0313/223656.277:ERROR:process_memory_win.cc(73)] ReadMemory at 0x7ffe2d4c0000 of 64 bytes failed: Only part of a ReadProcessMemory or WriteProcessMemory request was completed. (0x12B)
[0313/223656.277:WARNING:pe_image_reader.cc(340)] could not read dos header from C:\WINDOWS\SYSTEM32\WINSPOOL.DRV
[0313/223656.277:ERROR:process_memory_win.cc(73)] ReadMemory at 0x7ffe46d80000 of 64 bytes failed: Only part of a ReadProcessMemory or WriteProcessMemory request was completed. (0x12B)
[0313/223656.278:WARNING:pe_image_reader.cc(340)] could not read dos header from C:\WINDOWS\System32\kernel.appcore.dll
[0313/223656.278:ERROR:process_memory_win.cc(73)] ReadMemory at 0x7ffe47a40000 of 64 bytes failed: Only part of a ReadProcessMemory or WriteProcessMemory request was completed. (0x12B)
[0313/223656.278:WARNING:pe_image_reader.cc(340)] could not read dos header from C:\WINDOWS\System32\bcrypt.dll
[0313/223656.278:ERROR:process_memory_win.cc(73)] ReadMemory at 0x7ffe3fb10000 of 64 bytes failed: Only part of a ReadProcessMemory or WriteProcessMemory request was completed. (0x12B)
[0313/223656.278:WARNING:pe_image_reader.cc(340)] could not read dos header from C:\WINDOWS\SYSTEM32\dbghelp.dll
[0313/223656.278:ERROR:process_memory_win.cc(73)] ReadMemory at 0x7ffe41210000 of 64 bytes failed: Only part of a ReadProcessMemory or WriteProcessMemory request was completed. (0x12B)
[0313/223656.278:WARNING:pe_image_reader.cc(340)] could not read dos header from C:\WINDOWS\SYSTEM32\WINHTTP.dll
[0313/223656.278:ERROR:process_memory_win.cc(73)] ReadMemory at 0x7ffe42510000 of 64 bytes failed: Only part of a ReadProcessMemory or WriteProcessMemory request was completed. (0x12B)
[0313/223656.278:WARNING:pe_image_reader.cc(340)] could not read dos header from C:\WINDOWS\SYSTEM32\dhcpcsvc.DLL
[0313/223656.278:ERROR:process_memory_win.cc(73)] ReadMemory at 0x7ffe49c30000 of 64 bytes failed: Only part of a ReadProcessMemory or WriteProcessMemory request was completed. (0x12B)
[0313/223656.278:WARNING:pe_image_reader.cc(340)] could not read dos header from C:\WINDOWS\System32\NSI.dll
[0313/223656.278:ERROR:process_memory_win.cc(73)] ReadMemory at 0x7ffe3da90000 of 64 bytes failed: Only part of a ReadProcessMemory or WriteProcessMemory request was completed. (0x12B)
[0313/223656.278:WARNING:pe_image_reader.cc(340)] could not read dos header from C:\WINDOWS\SYSTEM32\WINMMBASE.dll
[0313/223656.278:ERROR:process_memory_win.cc(73)] ReadMemory at 0x7ffe47d30000 of 64 bytes failed: Only part of a ReadProcessMemory or WriteProcessMemory request was completed. (0x12B)
[0313/223656.278:WARNING:pe_image_reader.cc(340)] could not read dos header from C:\WINDOWS\System32\cfgmgr32.dll
[0313/223656.278:ERROR:process_memory_win.cc(73)] ReadMemory at 0x7ffe3bf10000 of 64 bytes failed: Only part of a ReadProcessMemory or WriteProcessMemory request was completed. (0x12B)
[0313/223656.278:WARNING:pe_image_reader.cc(340)] could not read dos header from C:\WINDOWS\SYSTEM32\Bcp47Langs.dll
[0313/223656.278:ERROR:process_memory_win.cc(73)] ReadMemory at 0x7ffe43240000 of 64 bytes failed: Only part of a ReadProcessMemory or WriteProcessMemory request was completed. (0x12B)
[0313/223656.278:WARNING:pe_image_reader.cc(340)] could not read dos header from C:\WINDOWS\SYSTEM32\PROPSYS.dll
[0313/223656.278:ERROR:process_memory_win.cc(73)] ReadMemory at 0x7ffe4a770000 of 64 bytes failed: Only part of a ReadProcessMemory or WriteProcessMemory request was completed. (0x12B)
[0313/223656.278:WARNING:pe_image_reader.cc(340)] could not read dos header from C:\WINDOWS\System32\shcore.dll
[0313/223656.278:ERROR:process_memory_win.cc(73)] ReadMemory at 0x7ffe46cb0000 of 64 bytes failed: Only part of a ReadProcessMemory or WriteProcessMemory request was completed. (0x12B)
[0313/223656.278:WARNING:pe_image_reader.cc(340)] could not read dos header from C:\WINDOWS\SYSTEM32\SSPICLI.DLL
[0313/223656.278:ERROR:process_memory_win.cc(73)] ReadMemory at 0x7ffe480f0000 of 64 bytes failed: Only part of a ReadProcessMemory or WriteProcessMemory request was completed. (0x12B)
[0313/223656.279:WARNING:pe_image_reader.cc(340)] could not read dos header from C:\WINDOWS\System32\SHELL32.dll
[0313/223656.279:ERROR:process_memory_win.cc(73)] ReadMemory at 0x7ffe47050000 of 64 bytes failed: Only part of a ReadProcessMemory or WriteProcessMemory request was completed. (0x12B)
[0313/223656.279:WARNING:pe_image_reader.cc(340)] could not read dos header from C:\WINDOWS\System32\windows.storage.dll
[0313/223656.279:ERROR:process_memory_win.cc(73)] ReadMemory at 0x7ffe46da0000 of 64 bytes failed: Only part of a ReadProcessMemory or WriteProcessMemory request was completed. (0x12B)
[0313/223656.279:WARNING:pe_image_reader.cc(340)] could not read dos header from C:\WINDOWS\System32\powrprof.dll
[0313/223656.279:ERROR:process_memory_win.cc(73)] ReadMemory at 0x7ffe49bd0000 of 64 bytes failed: Only part of a ReadProcessMemory or WriteProcessMemory request was completed. (0x12B)
[0313/223656.279:WARNING:pe_image_reader.cc(340)] could not read dos header from C:\WINDOWS\System32\shlwapi.dll
[0313/223656.279:ERROR:process_memory_win.cc(73)] ReadMemory at 0x7ffe4a690000 of 64 bytes failed: Only part of a ReadProcessMemory or WriteProcessMemory request was completed. (0x12B)
[0313/223656.279:WARNING:pe_image_reader.cc(340)] could not read dos header from C:\WINDOWS\System32\GDI32.dll
[0313/223656.279:ERROR:process_memory_win.cc(73)] ReadMemory at 0x7ffe478a0000 of 64 bytes failed: Only part of a ReadProcessMemory or WriteProcessMemory request was completed. (0x12B)
[0313/223656.279:WARNING:pe_image_reader.cc(340)] could not read dos header from C:\WINDOWS\System32\gdi32full.dll
[0313/223656.279:ERROR:process_memory_win.cc(73)] ReadMemory at 0x7ffe4a450000 of 64 bytes failed: Only part of a ReadProcessMemory or WriteProcessMemory request was completed. (0x12B)
[0313/223656.279:WARNING:pe_image_reader.cc(340)] could not read dos header from C:\WINDOWS\System32\USER32.dll
[0313/223656.279:ERROR:process_memory_win.cc(73)] ReadMemory at 0x7ffe46e50000 of 64 bytes failed: Only part of a ReadProcessMemory or WriteProcessMemory request was completed. (0x12B)
[0313/223656.279:WARNING:pe_image_reader.cc(340)] could not read dos header from C:\WINDOWS\System32\win32u.dll
[0313/223656.279:ERROR:process_memory_win.cc(73)] ReadMemory at 0x7ffe47a70000 of 64 bytes failed: Only part of a ReadProcessMemory or WriteProcessMemory request was completed. (0x12B)
[0313/223656.279:WARNING:pe_image_reader.cc(340)] could not read dos header from C:\WINDOWS\System32\cryptsp.dll
[0313/223656.279:ERROR:process_memory_win.cc(73)] ReadMemory at 0x7ffe495f0000 of 64 bytes failed: Only part of a ReadProcessMemory or WriteProcessMemory request was completed. (0x12B)
[0313/223656.279:WARNING:pe_image_reader.cc(340)] could not read dos header from C:\WINDOWS\System32\IMM32.DLL
[0313/223656.279:ERROR:process_memory_win.cc(73)] ReadMemory at 0x7ffe467c0000 of 64 bytes failed: Only part of a ReadProcessMemory or WriteProcessMemory request was completed. (0x12B)
[0313/223656.279:WARNING:pe_image_reader.cc(340)] could not read dos header from C:\WINDOWS\SYSTEM32\CRYPTBASE.DLL
[0313/223656.279:ERROR:process_memory_win.cc(73)] ReadMemory at 0x7ff72cec0000 of 64 bytes failed: Only part of a ReadProcessMemory or WriteProcessMemory request was completed. (0x12B)
[0313/223656.279:WARNING:pe_image_reader.cc(340)] could not read dos header from C:\Program Files (x86)\Google\Chrome\Application\chrome.exe
[0313/223656.279:ERROR:process_memory_win.cc(73)] ReadMemory at 0x7ffe4ad90000 of 64 bytes failed: Only part of a ReadProcessMemory or WriteProcessMemory request was completed. (0x12B)
[0313/223656.279:WARNING:pe_image_reader.cc(340)] could not read dos header from C:\WINDOWS\SYSTEM32\ntdll.dll
[0313/223656.280:ERROR:process_memory_win.cc(73)] ReadMemory at 0x7ffe4aca0000 of 64 bytes failed: Only part of a ReadProcessMemory or WriteProcessMemory request was completed. (0x12B)
[0313/223656.280:WARNING:pe_image_reader.cc(340)] could not read dos header from C:\WINDOWS\System32\KERNEL32.DLL
[0313/223656.280:ERROR:process_memory_win.cc(73)] ReadMemory at 0x7ffe47a90000 of 64 bytes failed: Only part of a ReadProcessMemory or WriteProcessMemory request was completed. (0x12B)
[0313/223656.280:WARNING:pe_image_reader.cc(340)] could not read dos header from C:\WINDOWS\System32\KERNELBASE.dll
[0313/223656.280:ERROR:process_memory_win.cc(73)] ReadMemory at 0x7ffe16170000 of 64 bytes failed: Only part of a ReadProcessMemory or WriteProcessMemory request was completed. (0x12B)
[0313/223656.280:WARNING:pe_image_reader.cc(340)] could not read dos header from C:\Program Files (x86)\Google\Chrome\Application\80.0.3987.132\chrome_elf.dll
[0313/223656.280:ERROR:process_memory_win.cc(73)] ReadMemory at 0x7ffe40a80000 of 64 bytes failed: Only part of a ReadProcessMemory or WriteProcessMemory request was completed. (0x12B)
[0313/223656.280:WARNING:pe_image_reader.cc(340)] could not read dos header from C:\WINDOWS\SYSTEM32\VERSION.dll
[0313/223656.280:ERROR:process_memory_win.cc(73)] ReadMemory at 0x7ffe4a330000 of 64 bytes failed: Only part of a ReadProcessMemory or WriteProcessMemory request was completed. (0x12B)
[0313/223656.280:WARNING:pe_image_reader.cc(340)] could not read dos header from C:\WINDOWS\System32\msvcrt.dll
[0313/223656.280:ERROR:process_memory_win.cc(73)] ReadMemory at 0x7ffe47f30000 of 64 bytes failed: Only part of a ReadProcessMemory or WriteProcessMemory request was completed. (0x12B)
[0313/223656.280:WARNING:pe_image_reader.cc(340)] could not read dos header from C:\WINDOWS\System32\bcryptPrimitives.dll
[0313/223656.280:ERROR:process_memory_win.cc(73)] ReadMemory at 0x7ffe4a6c0000 of 64 bytes failed: Only part of a ReadProcessMemory or WriteProcessMemory request was completed. (0x12B)
[0313/223656.280:WARNING:pe_image_reader.cc(340)] could not read dos header from C:\WINDOWS\System32\ADVAPI32.dll
[0313/223656.280:ERROR:process_memory_win.cc(73)] ReadMemory at 0x7ffe4a5f0000 of 64 bytes failed: Only part of a ReadProcessMemory or WriteProcessMemory request was completed. (0x12B)
[0313/223656.280:WARNING:pe_image_reader.cc(340)] could not read dos header from C:\WINDOWS\System32\sechost.dll
[0313/223656.280:ERROR:process_memory_win.cc(73)] ReadMemory at 0x7ffe49f60000 of 64 bytes failed: Only part of a ReadProcessMemory or WriteProcessMemory request was completed. (0x12B)
[0313/223656.280:WARNING:pe_image_reader.cc(340)] could not read dos header from C:\WINDOWS\System32\RPCRT4.dll
[0313/223656.280:ERROR:process_memory_win.cc(73)] ReadMemory at 0x7ffdea8c0000 of 64 bytes failed: Only part of a ReadProcessMemory or WriteProcessMemory request was completed. (0x12B)
[0313/223656.280:WARNING:pe_image_reader.cc(340)] could not read dos header from C:\Program Files (x86)\Google\Chrome\Application\80.0.3987.132\chrome.dll
[0313/223656.280:ERROR:process_memory_win.cc(73)] ReadMemory at 0x7ffe4abd0000 of 64 bytes failed: Only part of a ReadProcessMemory or WriteProcessMemory request was completed. (0x12B)
[0313/223656.280:WARNING:pe_image_reader.cc(340)] could not read dos header from C:\WINDOWS\System32\WS2_32.dll
[0313/223656.280:ERROR:process_memory_win.cc(73)] ReadMemory at 0x7ffe48010000 of 64 bytes failed: Only part of a ReadProcessMemory or WriteProcessMemory request was completed. (0x12B)
[0313/223656.280:WARNING:pe_image_reader.cc(340)] could not read dos header from C:\WINDOWS\System32\OLEAUT32.dll
[0313/223656.280:ERROR:process_memory_win.cc(73)] ReadMemory at 0x7ffe477a0000 of 64 bytes failed: Only part of a ReadProcessMemory or WriteProcessMemory request was completed. (0x12B)
[0313/223656.280:WARNING:pe_image_reader.cc(340)] could not read dos header from C:\WINDOWS\System32\msvcp_win.dll
[0313/223656.281:ERROR:process_memory_win.cc(73)] ReadMemory at 0x7ffe47e30000 of 64 bytes failed: Only part of a ReadProcessMemory or WriteProcessMemory request was completed. (0x12B)
[0313/223656.281:WARNING:pe_image_reader.cc(340)] could not read dos header from C:\WINDOWS\System32\ucrtbase.dll
[0313/223656.281:ERROR:process_memory_win.cc(73)] ReadMemory at 0x7ffe4a8a0000 of 64 bytes failed: Only part of a ReadProcessMemory or WriteProcessMemory request was completed. (0x12B)
[0313/223656.281:WARNING:pe_image_reader.cc(340)] could not read dos header from C:\WINDOWS\System32\combase.dll
[0313/223656.281:ERROR:process_memory_win.cc(73)] ReadMemory at 0x7ffe47840000 of 64 bytes failed: Only part of a ReadProcessMemory or WriteProcessMemory request was completed. (0x12B)
[0313/223656.281:WARNING:pe_image_reader.cc(340)] could not read dos header from C:\WINDOWS\System32\WINTRUST.dll
[0313/223656.281:ERROR:process_memory_win.cc(73)] ReadMemory at 0x7ffe46e30000 of 64 bytes failed: Only part of a ReadProcessMemory or WriteProcessMemory request was completed. (0x12B)
[0313/223656.281:WARNING:pe_image_reader.cc(340)] could not read dos header from C:\WINDOWS\System32\MSASN1.dll
[0313/223656.281:ERROR:process_memory_win.cc(73)] ReadMemory at 0x7ffe46e70000 of 64 bytes failed: Only part of a ReadProcessMemory or WriteProcessMemory request was completed. (0x12B)
[0313/223656.281:WARNING:pe_image_reader.cc(340)] could not read dos header from C:\WINDOWS\System32\CRYPT32.dll
[0313/223656.281:ERROR:process_memory_win.cc(73)] ReadMemory at 0x7ffe46310000 of 64 bytes failed: Only part of a ReadProcessMemory or WriteProcessMemory request was completed. (0x12B)
[0313/223656.281:WARNING:pe_image_reader.cc(340)] could not read dos header from C:\WINDOWS\SYSTEM32\IPHLPAPI.DLL
[0313/223656.281:ERROR:process_memory_win.cc(73)] ReadMemory at 0x7ffe3dcd0000 of 64 bytes failed: Only part of a ReadProcessMemory or WriteProcessMemory request was completed. (0x12B)
[0313/223656.281:WARNING:pe_image_reader.cc(340)] could not read dos header from C:\WINDOWS\SYSTEM32\WINMM.dll
[0313/223656.281:ERROR:process_memory_win.cc(73)] ReadMemory at 0x7ffe3faf0000 of 64 bytes failed: Only part of a ReadProcessMemory or WriteProcessMemory request was completed. (0x12B)
[0313/223656.281:WARNING:pe_image_reader.cc(340)] could not read dos header from C:\WINDOWS\SYSTEM32\Secur32.dll
[0313/223656.281:ERROR:process_memory_win.cc(73)] ReadMemory at 0x7ffe46c80000 of 64 bytes failed: Only part of a ReadProcessMemory or WriteProcessMemory request was completed. (0x12B)
[0313/223656.281:WARNING:pe_image_reader.cc(340)] could not read dos header from C:\WINDOWS\SYSTEM32\USERENV.dll
[0313/223656.281:ERROR:process_memory_win.cc(73)] ReadMemory at 0x7ffe46e00000 of 64 bytes failed: Only part of a ReadProcessMemory or WriteProcessMemory request was completed. (0x12B)
[0313/223656.281:WARNING:pe_image_reader.cc(340)] could not read dos header from C:\WINDOWS\System32\profapi.dll
[0313/223656.281:ERROR:process_memory_win.cc(73)] ReadMemory at 0x7ffe206f0000 of 64 bytes failed: Only part of a ReadProcessMemory or WriteProcessMemory request was completed. (0x12B)
[0313/223656.281:WARNING:pe_image_reader.cc(340)] could not read dos header from C:\WINDOWS\SYSTEM32\UIAutomationCore.DLL
[0313/223656.281:ERROR:process_memory_win.cc(73)] ReadMemory at 0x7ffe293c0000 of 64 bytes failed: Only part of a ReadProcessMemory or WriteProcessMemory request was completed. (0x12B)
[0313/223656.281:WARNING:pe_image_reader.cc(340)] could not read dos header from C:\WINDOWS\SYSTEM32\DWrite.dll
[0313/223656.281:ERROR:process_memory_win.cc(73)] ReadMemory at 0x7ffe2d4c0000 of 64 bytes failed: Only part of a ReadProcessMemory or WriteProcessMemory request was completed. (0x12B)
[0313/223656.281:WARNING:pe_image_reader.cc(340)] could not read dos header from C:\WINDOWS\SYSTEM32\WINSPOOL.DRV
[0313/223656.281:ERROR:process_memory_win.cc(73)] ReadMemory at 0x7ffe46d80000 of 64 bytes failed: Only part of a ReadProcessMemory or WriteProcessMemory request was completed. (0x12B)
[0313/223656.282:WARNING:pe_image_reader.cc(340)] could not read dos header from C:\WINDOWS\System32\kernel.appcore.dll
[0313/223656.282:ERROR:process_memory_win.cc(73)] ReadMemory at 0x7ffe47a40000 of 64 bytes failed: Only part of a ReadProcessMemory or WriteProcessMemory request was completed. (0x12B)
[0313/223656.282:WARNING:pe_image_reader.cc(340)] could not read dos header from C:\WINDOWS\System32\bcrypt.dll
[0313/223656.282:ERROR:process_memory_win.cc(73)] ReadMemory at 0x7ffe3fb10000 of 64 bytes failed: Only part of a ReadProcessMemory or WriteProcessMemory request was completed. (0x12B)
[0313/223656.282:WARNING:pe_image_reader.cc(340)] could not read dos header from C:\WINDOWS\SYSTEM32\dbghelp.dll
[0313/223656.282:ERROR:process_memory_win.cc(73)] ReadMemory at 0x7ffe41210000 of 64 bytes failed: Only part of a ReadProcessMemory or WriteProcessMemory request was completed. (0x12B)
[0313/223656.282:WARNING:pe_image_reader.cc(340)] could not read dos header from C:\WINDOWS\SYSTEM32\WINHTTP.dll
[0313/223656.282:ERROR:process_memory_win.cc(73)] ReadMemory at 0x7ffe42510000 of 64 bytes failed: Only part of a ReadProcessMemory or WriteProcessMemory request was completed. (0x12B)
[0313/223656.282:WARNING:pe_image_reader.cc(340)] could not read dos header from C:\WINDOWS\SYSTEM32\dhcpcsvc.DLL
[0313/223656.282:ERROR:process_memory_win.cc(73)] ReadMemory at 0x7ffe49c30000 of 64 bytes failed: Only part of a ReadProcessMemory or WriteProcessMemory request was completed. (0x12B)
[0313/223656.282:WARNING:pe_image_reader.cc(340)] could not read dos header from C:\WINDOWS\System32\NSI.dll
[0313/223656.282:ERROR:process_memory_win.cc(73)] ReadMemory at 0x7ffe3da90000 of 64 bytes failed: Only part of a ReadProcessMemory or WriteProcessMemory request was completed. (0x12B)
[0313/223656.282:WARNING:pe_image_reader.cc(340)] could not read dos header from C:\WINDOWS\SYSTEM32\WINMMBASE.dll
[0313/223656.282:ERROR:process_memory_win.cc(73)] ReadMemory at 0x7ffe47d30000 of 64 bytes failed: Only part of a ReadProcessMemory or WriteProcessMemory request was completed. (0x12B)
[0313/223656.282:WARNING:pe_image_reader.cc(340)] could not read dos header from C:\WINDOWS\System32\cfgmgr32.dll
[0313/223656.282:ERROR:process_memory_win.cc(73)] ReadMemory at 0x7ffe3bf10000 of 64 bytes failed: Only part of a ReadProcessMemory or WriteProcessMemory request was completed. (0x12B)
[0313/223656.282:WARNING:pe_image_reader.cc(340)] could not read dos header from C:\WINDOWS\SYSTEM32\Bcp47Langs.dll
[0313/223656.282:ERROR:process_memory_win.cc(73)] ReadMemory at 0x7ffe43240000 of 64 bytes failed: Only part of a ReadProcessMemory or WriteProcessMemory request was completed. (0x12B)
[0313/223656.282:WARNING:pe_image_reader.cc(340)] could not read dos header from C:\WINDOWS\SYSTEM32\PROPSYS.dll
[0313/223656.282:ERROR:process_memory_win.cc(73)] ReadMemory at 0x7ffe4a770000 of 64 bytes failed: Only part of a ReadProcessMemory or WriteProcessMemory request was completed. (0x12B)
[0313/223656.282:WARNING:pe_image_reader.cc(340)] could not read dos header from C:\WINDOWS\System32\shcore.dll
[0313/223656.282:ERROR:process_memory_win.cc(73)] ReadMemory at 0x7ffe46cb0000 of 64 bytes failed: Only part of a ReadProcessMemory or WriteProcessMemory request was completed. (0x12B)
[0313/223656.282:WARNING:pe_image_reader.cc(340)] could not read dos header from C:\WINDOWS\SYSTEM32\SSPICLI.DLL
[0313/223656.282:ERROR:process_memory_win.cc(73)] ReadMemory at 0x7ffe480f0000 of 64 bytes failed: Only part of a ReadProcessMemory or WriteProcessMemory request was completed. (0x12B)
[0313/223656.282:WARNING:pe_image_reader.cc(340)] could not read dos header from C:\WINDOWS\System32\SHELL32.dll
[0313/223656.283:ERROR:process_memory_win.cc(73)] ReadMemory at 0x7ffe47050000 of 64 bytes failed: Only part of a ReadProcessMemory or WriteProcessMemory request was completed. (0x12B)
[0313/223656.283:WARNING:pe_image_reader.cc(340)] could not read dos header from C:\WINDOWS\System32\windows.storage.dll
[0313/223656.283:ERROR:process_memory_win.cc(73)] ReadMemory at 0x7ffe46da0000 of 64 bytes failed: Only part of a ReadProcessMemory or WriteProcessMemory request was completed. (0x12B)
[0313/223656.283:WARNING:pe_image_reader.cc(340)] could not read dos header from C:\WINDOWS\System32\powrprof.dll
[0313/223656.283:ERROR:process_memory_win.cc(73)] ReadMemory at 0x7ffe49bd0000 of 64 bytes failed: Only part of a ReadProcessMemory or WriteProcessMemory request was completed. (0x12B)
[0313/223656.283:WARNING:pe_image_reader.cc(340)] could not read dos header from C:\WINDOWS\System32\shlwapi.dll
[0313/223656.283:ERROR:process_memory_win.cc(73)] ReadMemory at 0x7ffe4a690000 of 64 bytes failed: Only part of a ReadProcessMemory or WriteProcessMemory request was completed. (0x12B)
[0313/223656.283:WARNING:pe_image_reader.cc(340)] could not read dos header from C:\WINDOWS\System32\GDI32.dll
[0313/223656.283:ERROR:process_memory_win.cc(73)] ReadMemory at 0x7ffe478a0000 of 64 bytes failed: Only part of a ReadProcessMemory or WriteProcessMemory request was completed. (0x12B)
[0313/223656.283:WARNING:pe_image_reader.cc(340)] could not read dos header from C:\WINDOWS\System32\gdi32full.dll
[0313/223656.283:ERROR:process_memory_win.cc(73)] ReadMemory at 0x7ffe4a450000 of 64 bytes failed: Only part of a ReadProcessMemory or WriteProcessMemory request was completed. (0x12B)
[0313/223656.283:WARNING:pe_image_reader.cc(340)] could not read dos header from C:\WINDOWS\System32\USER32.dll
[0313/223656.283:ERROR:process_memory_win.cc(73)] ReadMemory at 0x7ffe46e50000 of 64 bytes failed: Only part of a ReadProcessMemory or WriteProcessMemory request was completed. (0x12B)
[0313/223656.283:WARNING:pe_image_reader.cc(340)] could not read dos header from C:\WINDOWS\System32\win32u.dll
[0313/223656.283:ERROR:process_memory_win.cc(73)] ReadMemory at 0x7ffe47a70000 of 64 bytes failed: Only part of a ReadProcessMemory or WriteProcessMemory request was completed. (0x12B)
[0313/223656.283:WARNING:pe_image_reader.cc(340)] could not read dos header from C:\WINDOWS\System32\cryptsp.dll
[0313/223656.283:ERROR:process_memory_win.cc(73)] ReadMemory at 0x7ffe495f0000 of 64 bytes failed: Only part of a ReadProcessMemory or WriteProcessMemory request was completed. (0x12B)
[0313/223656.283:WARNING:pe_image_reader.cc(340)] could not read dos header from C:\WINDOWS\System32\IMM32.DLL
[0313/223656.283:ERROR:process_memory_win.cc(73)] ReadMemory at 0x7ffe467c0000 of 64 bytes failed: Only part of a ReadProcessMemory or WriteProcessMemory request was completed. (0x12B)
[0313/223656.283:WARNING:pe_image_reader.cc(340)] could not read dos header from C:\WINDOWS\SYSTEM32\CRYPTBASE.DLL
[0313/223656.302:ERROR:process_memory_win.cc(73)] ReadMemory at 0xd53b9f4000 of 49152 bytes failed: Only part of a ReadProcessMemory or WriteProcessMemory request was completed. (0x12B)
[0313/223656.302:ERROR:process_memory_win.cc(73)] ReadMemory at 0xd53c1fd000 of 12288 bytes failed: Only part of a ReadProcessMemory or WriteProcessMemory request was completed. (0x12B)
[0313/223656.302:ERROR:process_memory_win.cc(73)] ReadMemory at 0xd53c9fa000 of 24576 bytes failed: Only part of a ReadProcessMemory or WriteProcessMemory request was completed. (0x12B)
[0313/223656.303:ERROR:process_memory_win.cc(73)] ReadMemory at 0xd53d1fc000 of 16384 bytes failed: Only part of a ReadProcessMemory or WriteProcessMemory request was completed. (0x12B)
[0313/223656.303:ERROR:process_memory_win.cc(73)] ReadMemory at 0xd53d9fc000 of 16384 bytes failed: Only part of a ReadProcessMemory or WriteProcessMemory request was completed. (0x12B)
[0313/223656.303:ERROR:process_memory_win.cc(73)] ReadMemory at 0xd53e1fe000 of 8192 bytes failed: Only part of a ReadProcessMemory or WriteProcessMemory request was completed. (0x12B)
[0313/223656.303:ERROR:process_memory_win.cc(73)] ReadMemory at 0xd53e9fd000 of 12288 bytes failed: Only part of a ReadProcessMemory or WriteProcessMemory request was completed. (0x12B)
[0313/223656.303:ERROR:process_memory_win.cc(73)] ReadMemory at 0xd53f1fb000 of 20480 bytes failed: Only part of a ReadProcessMemory or WriteProcessMemory request was completed. (0x12B)
[0313/223656.303:ERROR:process_memory_win.cc(73)] ReadMemory at 0xd53f9fd000 of 12288 bytes failed: Only part of a ReadProcessMemory or WriteProcessMemory request was completed. (0x12B)
[0313/223656.303:ERROR:process_memory_win.cc(73)] ReadMemory at 0xd5401fd000 of 12288 bytes failed: Only part of a ReadProcessMemory or WriteProcessMemory request was completed. (0x12B)
[0313/223656.303:ERROR:process_memory_win.cc(73)] ReadMemory at 0xd5409fd000 of 12288 bytes failed: Only part of a ReadProcessMemory or WriteProcessMemory request was completed. (0x12B)
[0313/223656.303:ERROR:process_memory_win.cc(73)] ReadMemory at 0xd5411fd000 of 12288 bytes failed: Only part of a ReadProcessMemory or WriteProcessMemory request was completed. (0x12B)
[0313/223656.303:ERROR:process_memory_win.cc(73)] ReadMemory at 0xd5419fd000 of 12288 bytes failed: Only part of a ReadProcessMemory or WriteProcessMemory request was completed. (0x12B)
[0313/223656.304:ERROR:process_memory_win.cc(73)] ReadMemory at 0xd5421fd000 of 12288 bytes failed: Only part of a ReadProcessMemory or WriteProcessMemory request was completed. (0x12B)
[0313/223656.304:ERROR:process_memory_win.cc(73)] ReadMemory at 0xd5429fd000 of 12288 bytes failed: Only part of a ReadProcessMemory or WriteProcessMemory request was completed. (0x12B)
[0313/223656.304:ERROR:process_memory_win.cc(73)] ReadMemory at 0xd5431f9000 of 28672 bytes failed: Only part of a ReadProcessMemory or WriteProcessMemory request was completed. (0x12B)
[0313/223656.304:ERROR:process_memory_win.cc(73)] ReadMemory at 0xd5439f9000 of 28672 bytes failed: Only part of a ReadProcessMemory or WriteProcessMemory request was completed. (0x12B)
[0313/223656.304:ERROR:process_memory_win.cc(73)] ReadMemory at 0xd5441f9000 of 28672 bytes failed: Only part of a ReadProcessMemory or WriteProcessMemory request was completed. (0x12B)
[0313/223656.304:ERROR:process_memory_win.cc(73)] ReadMemory at 0xd5449fd000 of 12288 bytes failed: Only part of a ReadProcessMemory or WriteProcessMemory request was completed. (0x12B)
[0313/223656.304:ERROR:process_memory_win.cc(73)] ReadMemory at 0xd53b0f0000 of 852 bytes failed: Only part of a ReadProcessMemory or WriteProcessMemory request was completed. (0x12B)
[0313/223656.304:ERROR:process_memory_win.cc(73)] ReadMemory at 0xd53b0f1000 of 6024 bytes failed: Only part of a ReadProcessMemory or WriteProcessMemory request was completed. (0x12B)
[0313/223656.305:ERROR:process_memory_win.cc(73)] ReadMemory at 0xd53b0f3000 of 6024 bytes failed: Only part of a ReadProcessMemory or WriteProcessMemory request was completed. (0x12B)
[0313/223656.305:ERROR:process_memory_win.cc(73)] ReadMemory at 0xd53b0f5000 of 6024 bytes failed: Only part of a ReadProcessMemory or WriteProcessMemory request was completed. (0x12B)
[0313/223656.305:ERROR:process_memory_win.cc(73)] ReadMemory at 0xd53b0f7000 of 6024 bytes failed: Only part of a ReadProcessMemory or WriteProcessMemory request was completed. (0x12B)
[0313/223656.305:ERROR:process_memory_win.cc(73)] ReadMemory at 0xd53b0f9000 of 6024 bytes failed: Only part of a ReadProcessMemory or WriteProcessMemory request was completed. (0x12B)
[0313/223656.305:ERROR:process_memory_win.cc(73)] ReadMemory at 0xd53b0fb000 of 6024 bytes failed: Only part of a ReadProcessMemory or WriteProcessMemory request was completed. (0x12B)
[0313/223656.305:ERROR:process_memory_win.cc(73)] ReadMemory at 0xd53b0fd000 of 6024 bytes failed: Only part of a ReadProcessMemory or WriteProcessMemory request was completed. (0x12B)
[0313/223656.305:ERROR:process_memory_win.cc(73)] ReadMemory at 0xd53b0ff000 of 6024 bytes failed: Only part of a ReadProcessMemory or WriteProcessMemory request was completed. (0x12B)
[0313/223656.305:ERROR:process_memory_win.cc(73)] ReadMemory at 0xd53b101000 of 6024 bytes failed: Only part of a ReadProcessMemory or WriteProcessMemory request was completed. (0x12B)
[0313/223656.305:ERROR:process_memory_win.cc(73)] ReadMemory at 0xd53b103000 of 6024 bytes failed: Only part of a ReadProcessMemory or WriteProcessMemory request was completed. (0x12B)
[0313/223656.305:ERROR:process_memory_win.cc(73)] ReadMemory at 0xd53b105000 of 6024 bytes failed: Only part of a ReadProcessMemory or WriteProcessMemory request was completed. (0x12B)
[0313/223656.306:ERROR:process_memory_win.cc(73)] ReadMemory at 0xd53b107000 of 6024 bytes failed: Only part of a ReadProcessMemory or WriteProcessMemory request was completed. (0x12B)
[0313/223656.306:ERROR:process_memory_win.cc(73)] ReadMemory at 0xd53b109000 of 6024 bytes failed: Only part of a ReadProcessMemory or WriteProcessMemory request was completed. (0x12B)
[0313/223656.306:ERROR:process_memory_win.cc(73)] ReadMemory at 0xd53b10b000 of 6024 bytes failed: Only part of a ReadProcessMemory or WriteProcessMemory request was completed. (0x12B)
[0313/223656.306:ERROR:process_memory_win.cc(73)] ReadMemory at 0xd53b10d000 of 6024 bytes failed: Only part of a ReadProcessMemory or WriteProcessMemory request was completed. (0x12B)
[0313/223656.306:ERROR:process_memory_win.cc(73)] ReadMemory at 0xd53b10f000 of 6024 bytes failed: Only part of a ReadProcessMemory or WriteProcessMemory request was completed. (0x12B)
[0313/223656.306:ERROR:process_memory_win.cc(73)] ReadMemory at 0xd53b111000 of 6024 bytes failed: Only part of a ReadProcessMemory or WriteProcessMemory request was completed. (0x12B)
[0313/223656.306:ERROR:process_memory_win.cc(73)] ReadMemory at 0xd53b113000 of 6024 bytes failed: Only part of a ReadProcessMemory or WriteProcessMemory request was completed. (0x12B)
[0313/223656.306:ERROR:process_memory_win.cc(73)] ReadMemory at 0xd53b115000 of 6024 bytes failed: Only part of a ReadProcessMemory or WriteProcessMemory request was completed. (0x12B)
[0313/223656.307:ERROR:process_memory_win.cc(73)] ReadMemory at 0x23e80300dc0 of 896 bytes failed: Only part of a ReadProcessMemory or WriteProcessMemory request was completed. (0x12B)
[0313/223656.307:ERROR:process_memory_win.cc(73)] ReadMemory at 0x23e80301240 of 512 bytes failed: Only part of a ReadProcessMemory or WriteProcessMemory request was completed. (0x12B)
[0313/223656.307:ERROR:process_memory_win.cc(73)] ReadMemory at 0x23e8038a103 of 525 bytes failed: Only part of a ReadProcessMemory or WriteProcessMemory request was completed. (0x12B)
[0313/223656.307:ERROR:process_memory_win.cc(73)] ReadMemory at 0x23e803a7350 of 512 bytes failed: Only part of a ReadProcessMemory or WriteProcessMemory request was completed. (0x12B)
[0313/223656.307:ERROR:process_memory_win.cc(73)] ReadMemory at 0x23e803a8410 of 512 bytes failed: Only part of a ReadProcessMemory or WriteProcessMemory request was completed. (0x12B)
[0313/223656.307:ERROR:process_memory_win.cc(73)] ReadMemory at 0x23e803b0300 of 512 bytes failed: Only part of a ReadProcessMemory or WriteProcessMemory request was completed. (0x12B)
[0313/223656.307:ERROR:process_memory_win.cc(73)] ReadMemory at 0x23e803b9140 of 512 bytes failed: Only part of a ReadProcessMemory or WriteProcessMemory request was completed. (0x12B)
[0313/223656.307:ERROR:process_memory_win.cc(73)] ReadMemory at 0x23e803b9560 of 712 bytes failed: Only part of a ReadProcessMemory or WriteProcessMemory request was completed. (0x12B)
[0313/223656.307:ERROR:process_memory_win.cc(73)] ReadMemory at 0x23e803ceb20 of 512 bytes failed: Only part of a ReadProcessMemory or WriteProcessMemory request was completed. (0x12B)
[0313/223656.307:ERROR:process_memory_win.cc(73)] ReadMemory at 0x23e803d5dd8 of 656 bytes failed: Only part of a ReadProcessMemory or WriteProcessMemory request was completed. (0x12B)
[0313/223656.307:ERROR:process_memory_win.cc(73)] ReadMemory at 0x23e803d6768 of 512 bytes failed: Only part of a ReadProcessMemory or WriteProcessMemory request was completed. (0x12B)
[0313/223656.307:ERROR:process_memory_win.cc(73)] ReadMemory at 0x23e803d6be8 of 512 bytes failed: Only part of a ReadProcessMemory or WriteProcessMemory request was completed. (0x12B)
[0313/223656.307:ERROR:process_memory_win.cc(73)] ReadMemory at 0x23e8042b050 of 512 bytes failed: Only part of a ReadProcessMemory or WriteProcessMemory request was completed. (0x12B)
[0313/223656.307:ERROR:process_memory_win.cc(73)] ReadMemory at 0x23e82450000 of 384 bytes failed: Only part of a ReadProcessMemory or WriteProcessMemory request was completed. (0x12B)
[0313/223656.307:ERROR:process_memory_win.cc(73)] ReadMemory at 0x23e8246c390 of 512 bytes failed: Only part of a ReadProcessMemory or WriteProcessMemory request was completed. (0x12B)
[0313/223656.307:ERROR:process_memory_win.cc(73)] ReadMemory at 0x23e82478fc0 of 512 bytes failed: Only part of a ReadProcessMemory or WriteProcessMemory request was completed. (0x12B)
[0313/223656.308:ERROR:process_memory_win.cc(73)] ReadMemory at 0x23e82506028 of 512 bytes failed: Only part of a ReadProcessMemory or WriteProcessMemory request was completed. (0x12B)
[0313/223656.308:ERROR:process_memory_win.cc(73)] ReadMemory at 0x23e8255aab0 of 512 bytes failed: Only part of a ReadProcessMemory or WriteProcessMemory request was completed. (0x12B)
[0313/223656.308:ERROR:process_memory_win.cc(73)] ReadMemory at 0x23e8257e2f8 of 512 bytes failed: Only part of a ReadProcessMemory or WriteProcessMemory request was completed. (0x12B)
[0313/223656.308:ERROR:process_memory_win.cc(73)] ReadMemory at 0x23e825a9a00 of 512 bytes failed: Only part of a ReadProcessMemory or WriteProcessMemory request was completed. (0x12B)
[0313/223656.308:ERROR:process_memory_win.cc(73)] ReadMemory at 0x23e8261d0a0 of 512 bytes failed: Only part of a ReadProcessMemory or WriteProcessMemory request was completed. (0x12B)
[0313/223656.308:ERROR:process_memory_win.cc(73)] ReadMemory at 0x23e82b008a0 of 512 bytes failed: Only part of a ReadProcessMemory or WriteProcessMemory request was completed. (0x12B)
[0313/223656.308:ERROR:process_memory_win.cc(73)] ReadMemory at 0x23e82bdcdd0 of 512 bytes failed: Only part of a ReadProcessMemory or WriteProcessMemory request was completed. (0x12B)
[0313/223656.308:ERROR:process_memory_win.cc(73)] ReadMemory at 0x23e83170000 of 384 bytes failed: Only part of a ReadProcessMemory or WriteProcessMemory request was completed. (0x12B)
[0313/223656.308:ERROR:process_memory_win.cc(73)] ReadMemory at 0x23ef1ce0fe0 of 5866 bytes failed: Only part of a ReadProcessMemory or WriteProcessMemory request was completed. (0x12B)
[0313/223656.308:ERROR:process_memory_win.cc(73)] ReadMemory at 0x23ef1ce26e0 of 1012 bytes failed: Only part of a ReadProcessMemory or WriteProcessMemory request was completed. (0x12B)
[0313/223656.308:ERROR:process_memory_win.cc(73)] ReadMemory at 0x23ef1ce2d08 of 118 bytes failed: Only part of a ReadProcessMemory or WriteProcessMemory request was completed. (0x12B)
[0313/223656.308:ERROR:process_memory_win.cc(73)] ReadMemory at 0x23ef1ce2d80 of 1310 bytes failed: Only part of a ReadProcessMemory or WriteProcessMemory request was completed. (0x12B)
[0313/223656.308:ERROR:process_memory_win.cc(73)] ReadMemory at 0x23ef1ce32a0 of 118 bytes failed: Only part of a ReadProcessMemory or WriteProcessMemory request was completed. (0x12B)
[0313/223656.308:ERROR:process_memory_win.cc(73)] ReadMemory at 0x23ef1ce3318 of 102 bytes failed: Only part of a ReadProcessMemory or WriteProcessMemory request was completed. (0x12B)
[0313/223656.308:ERROR:process_memory_win.cc(73)] ReadMemory at 0x23ef1ce3390 of 58 bytes failed: Only part of a ReadProcessMemory or WriteProcessMemory request was completed. (0x12B)
[0313/223656.308:ERROR:process_memory_win.cc(73)] ReadMemory at 0x23ef1ce3490 of 132 bytes failed: Only part of a ReadProcessMemory or WriteProcessMemory request was completed. (0x12B)
[0313/223656.309:ERROR:process_memory_win.cc(73)] ReadMemory at 0x23ef1ce3620 of 132 bytes failed: Only part of a ReadProcessMemory or WriteProcessMemory request was completed. (0x12B)
[0313/223656.309:ERROR:process_memory_win.cc(73)] ReadMemory at 0x23ef1ce37e0 of 126 bytes failed: Only part of a ReadProcessMemory or WriteProcessMemory request was completed. (0x12B)
[0313/223656.309:ERROR:process_memory_win.cc(73)] ReadMemory at 0x23ef1ce3bc0 of 132 bytes failed: Only part of a ReadProcessMemory or WriteProcessMemory request was completed. (0x12B)
[0313/223656.309:ERROR:process_memory_win.cc(73)] ReadMemory at 0x23ef1ce3d50 of 64 bytes failed: Only part of a ReadProcessMemory or WriteProcessMemory request was completed. (0x12B)
[0313/223656.309:ERROR:process_memory_win.cc(73)] ReadMemory at 0x23ef1ce3da0 of 132 bytes failed: Only part of a ReadProcessMemory or WriteProcessMemory request was completed. (0x12B)
[0313/223656.309:ERROR:process_memory_win.cc(73)] ReadMemory at 0x23ef1ce3f10 of 132 bytes failed: Only part of a ReadProcessMemory or WriteProcessMemory request was completed. (0x12B)
[0313/223656.309:ERROR:process_memory_win.cc(73)] ReadMemory at 0x23ef1ce41b0 of 132 bytes failed: Only part of a ReadProcessMemory or WriteProcessMemory request was completed. (0x12B)
[0313/223656.309:ERROR:process_memory_win.cc(73)] ReadMemory at 0x23ef1ce4340 of 68 bytes failed: Only part of a ReadProcessMemory or WriteProcessMemory request was completed. (0x12B)
[0313/223656.309:ERROR:process_memory_win.cc(73)] ReadMemory at 0x23ef1ce5330 of 146 bytes failed: Only part of a ReadProcessMemory or WriteProcessMemory request was completed. (0x12B)
[0313/223656.309:ERROR:process_memory_win.cc(73)] ReadMemory at 0x23ef1ce5410 of 132 bytes failed: Only part of a ReadProcessMemory or WriteProcessMemory request was completed. (0x12B)
[0313/223656.309:ERROR:process_memory_win.cc(73)] ReadMemory at 0x23ef1ce55a0 of 154 bytes failed: Only part of a ReadProcessMemory or WriteProcessMemory request was completed. (0x12B)
[0313/223656.309:ERROR:process_memory_win.cc(73)] ReadMemory at 0x23ef1ce61d0 of 132 bytes failed: Only part of a ReadProcessMemory or WriteProcessMemory request was completed. (0x12B)
[0313/223656.309:ERROR:process_memory_win.cc(73)] ReadMemory at 0x23ef1ce63a0 of 62 bytes failed: Only part of a ReadProcessMemory or WriteProcessMemory request was completed. (0x12B)
[0313/223656.309:ERROR:process_memory_win.cc(73)] ReadMemory at 0x23ef1ce6500 of 132 bytes failed: Only part of a ReadProcessMemory or WriteProcessMemory request was completed. (0x12B)
[0313/223656.309:ERROR:process_memory_win.cc(73)] ReadMemory at 0x23ef1ce6b70 of 60 bytes failed: Only part of a ReadProcessMemory or WriteProcessMemory request was completed. (0x12B)
[0313/223656.309:ERROR:process_memory_win.cc(73)] ReadMemory at 0x23ef1ceaba0 of 132 bytes failed: Only part of a ReadProcessMemory or WriteProcessMemory request was completed. (0x12B)
[0313/223656.310:ERROR:process_memory_win.cc(73)] ReadMemory at 0x23ef1ceacd0 of 132 bytes failed: Only part of a ReadProcessMemory or WriteProcessMemory request was completed. (0x12B)
[0313/223656.310:ERROR:process_memory_win.cc(73)] ReadMemory at 0x23ef1ceae60 of 80 bytes failed: Only part of a ReadProcessMemory or WriteProcessMemory request was completed. (0x12B)
[0313/223656.310:ERROR:process_memory_win.cc(73)] ReadMemory at 0x23ef1ceb0a0 of 64 bytes failed: Only part of a ReadProcessMemory or WriteProcessMemory request was completed. (0x12B)
[0313/223656.310:ERROR:process_memory_win.cc(73)] ReadMemory at 0x23ef1ceb140 of 60 bytes failed: Only part of a ReadProcessMemory or WriteProcessMemory request was completed. (0x12B)
[0313/223656.310:ERROR:process_memory_win.cc(73)] ReadMemory at 0x23ef1ceb190 of 60 bytes failed: Only part of a ReadProcessMemory or WriteProcessMemory request was completed. (0x12B)
[0313/223656.310:ERROR:process_memory_win.cc(73)] ReadMemory at 0x23ef1ceb1e0 of 66 bytes failed: Only part of a ReadProcessMemory or WriteProcessMemory request was completed. (0x12B)
[0313/223656.310:ERROR:process_memory_win.cc(73)] ReadMemory at 0x23ef1ceb230 of 64 bytes failed: Only part of a ReadProcessMemory or WriteProcessMemory request was completed. (0x12B)
[0313/223656.310:ERROR:process_memory_win.cc(73)] ReadMemory at 0x23ef1ceb280 of 62 bytes failed: Only part of a ReadProcessMemory or WriteProcessMemory request was completed. (0x12B)
[0313/223656.310:ERROR:process_memory_win.cc(73)] ReadMemory at 0x23ef1ceb2d0 of 64 bytes failed: Only part of a ReadProcessMemory or WriteProcessMemory request was completed. (0x12B)
[0313/223656.310:ERROR:process_memory_win.cc(73)] ReadMemory at 0x23ef1ceb550 of 64 bytes failed: Only part of a ReadProcessMemory or WriteProcessMemory request was completed. (0x12B)
[0313/223656.310:ERROR:process_memory_win.cc(73)] ReadMemory at 0x23ef1ceb690 of 62 bytes failed: Only part of a ReadProcessMemory or WriteProcessMemory request was completed. (0x12B)
[0313/223656.310:ERROR:process_memory_win.cc(73)] ReadMemory at 0x23ef1cebc10 of 76 bytes failed: Only part of a ReadProcessMemory or WriteProcessMemory request was completed. (0x12B)
[0313/223656.310:ERROR:process_memory_win.cc(73)] ReadMemory at 0x23ef1cebeb0 of 78 bytes failed: Only part of a ReadProcessMemory or WriteProcessMemory request was completed. (0x12B)
[0313/223656.310:ERROR:process_memory_win.cc(73)] ReadMemory at 0x23ef1cec330 of 80 bytes failed: Only part of a ReadProcessMemory or WriteProcessMemory request was completed. (0x12B)
[0313/223656.310:ERROR:process_memory_win.cc(73)] ReadMemory at 0x23ef1ceec30 of 54 bytes failed: Only part of a ReadProcessMemory or WriteProcessMemory request was completed. (0x12B)
[0313/223656.310:ERROR:process_memory_win.cc(73)] ReadMemory at 0x23ef1cefad0 of 132 bytes failed: Only part of a ReadProcessMemory or WriteProcessMemory request was completed. (0x12B)
[0313/223656.311:ERROR:process_memory_win.cc(73)] ReadMemory at 0x23ef1cefe20 of 132 bytes failed: Only part of a ReadProcessMemory or WriteProcessMemory request was completed. (0x12B)
[0313/223656.311:ERROR:process_memory_win.cc(73)] ReadMemory at 0x23ef1cf04c0 of 132 bytes failed: Only part of a ReadProcessMemory or WriteProcessMemory request was completed. (0x12B)
[0313/223656.311:ERROR:process_memory_win.cc(73)] ReadMemory at 0x23ef1cf06e0 of 132 bytes failed: Only part of a ReadProcessMemory or WriteProcessMemory request was completed. (0x12B)
[0313/223656.311:ERROR:process_memory_win.cc(73)] ReadMemory at 0x23ef1cf31c0 of 132 bytes failed: Only part of a ReadProcessMemory or WriteProcessMemory request was completed. (0x12B)
[0313/223656.311:ERROR:process_memory_win.cc(73)] ReadMemory at 0x23ef1cf33d0 of 132 bytes failed: Only part of a ReadProcessMemory or WriteProcessMemory request was completed. (0x12B)
[0313/223656.311:ERROR:process_memory_win.cc(73)] ReadMemory at 0x23ef1cf54d0 of 132 bytes failed: Only part of a ReadProcessMemory or WriteProcessMemory request was completed. (0x12B)
[0313/223656.311:ERROR:process_memory_win.cc(73)] ReadMemory at 0x23ef1cf5600 of 132 bytes failed: Only part of a ReadProcessMemory or WriteProcessMemory request was completed. (0x12B)
[0313/223656.311:ERROR:process_memory_win.cc(73)] ReadMemory at 0x23ef1cf5730 of 132 bytes failed: Only part of a ReadProcessMemory or WriteProcessMemory request was completed. (0x12B)
[0313/223656.311:ERROR:process_memory_win.cc(73)] ReadMemory at 0x23ef1cf5860 of 132 bytes failed: Only part of a ReadProcessMemory or WriteProcessMemory request was completed. (0x12B)
[0313/223656.311:ERROR:process_memory_win.cc(73)] ReadMemory at 0x23ef1cf5990 of 132 bytes failed: Only part of a ReadProcessMemory or WriteProcessMemory request was completed. (0x12B)
[0313/223656.311:ERROR:process_memory_win.cc(73)] ReadMemory at 0x23ef1cf5ac0 of 132 bytes failed: Only part of a ReadProcessMemory or WriteProcessMemory request was completed. (0x12B)
[0313/223656.311:ERROR:process_memory_win.cc(73)] ReadMemory at 0x23ef1cf5bf0 of 132 bytes failed: Only part of a ReadProcessMemory or WriteProcessMemory request was completed. (0x12B)
[0313/223656.311:ERROR:process_memory_win.cc(73)] ReadMemory at 0x23ef1cf5d20 of 132 bytes failed: Only part of a ReadProcessMemory or WriteProcessMemory request was completed. (0x12B)
[0313/223656.311:ERROR:process_memory_win.cc(73)] ReadMemory at 0x23ef1cf5e50 of 132 bytes failed: Only part of a ReadProcessMemory or WriteProcessMemory request was completed. (0x12B)
[0313/223656.311:ERROR:process_memory_win.cc(73)] ReadMemory at 0x23ef1cf60b0 of 132 bytes failed: Only part of a ReadProcessMemory or WriteProcessMemory request was completed. (0x12B)
[0313/223656.312:ERROR:process_memory_win.cc(73)] ReadMemory at 0x23ef1cf61e0 of 132 bytes failed: Only part of a ReadProcessMemory or WriteProcessMemory request was completed. (0x12B)
[0313/223656.312:ERROR:process_memory_win.cc(73)] ReadMemory at 0x23ef1cf6310 of 132 bytes failed: Only part of a ReadProcessMemory or WriteProcessMemory request was completed. (0x12B)
[0313/223656.312:ERROR:process_memory_win.cc(73)] ReadMemory at 0x23ef1cf6840 of 66 bytes failed: Only part of a ReadProcessMemory or WriteProcessMemory request was completed. (0x12B)
[0313/223656.312:ERROR:process_memory_win.cc(73)] ReadMemory at 0x23ef1cf68e0 of 60 bytes failed: Only part of a ReadProcessMemory or WriteProcessMemory request was completed. (0x12B)
[0313/223656.312:ERROR:process_memory_win.cc(73)] ReadMemory at 0x23ef1cf6930 of 60 bytes failed: Only part of a ReadProcessMemory or WriteProcessMemory request was completed. (0x12B)
[0313/223656.312:ERROR:process_memory_win.cc(73)] ReadMemory at 0x23ef1cf6980 of 64 bytes failed: Only part of a ReadProcessMemory or WriteProcessMemory request was completed. (0x12B)
[0313/223656.312:ERROR:process_memory_win.cc(73)] ReadMemory at 0x23ef1cf6b10 of 62 bytes failed: Only part of a ReadProcessMemory or WriteProcessMemory request was completed. (0x12B)
[0313/223656.312:ERROR:process_memory_win.cc(73)] ReadMemory at 0x23ef1cf6b60 of 60 bytes failed: Only part of a ReadProcessMemory or WriteProcessMemory request was completed. (0x12B)
[0313/223656.312:ERROR:process_memory_win.cc(73)] ReadMemory at 0x23ef1cf6bb0 of 62 bytes failed: Only part of a ReadProcessMemory or WriteProcessMemory request was completed. (0x12B)
[0313/223656.312:ERROR:process_memory_win.cc(73)] ReadMemory at 0x23ef1cf6c00 of 58 bytes failed: Only part of a ReadProcessMemory or WriteProcessMemory request was completed. (0x12B)
[0313/223656.312:ERROR:process_memory_win.cc(73)] ReadMemory at 0x23ef1cf6c50 of 64 bytes failed: Only part of a ReadProcessMemory or WriteProcessMemory request was completed. (0x12B)
[0313/223656.312:ERROR:process_memory_win.cc(73)] ReadMemory at 0x23ef1cf6de0 of 68 bytes failed: Only part of a ReadProcessMemory or WriteProcessMemory request was completed. (0x12B)
[0313/223656.312:ERROR:process_memory_win.cc(73)] ReadMemory at 0x23ef1cf6e30 of 62 bytes failed: Only part of a ReadProcessMemory or WriteProcessMemory request was completed. (0x12B)
[0313/223656.312:ERROR:process_memory_win.cc(73)] ReadMemory at 0x23ef1cf6ed0 of 62 bytes failed: Only part of a ReadProcessMemory or WriteProcessMemory request was completed. (0x12B)
[0313/223656.312:ERROR:process_memory_win.cc(73)] ReadMemory at 0x23ef1cf6f20 of 62 bytes failed: Only part of a ReadProcessMemory or WriteProcessMemory request was completed. (0x12B)
[0313/223656.312:ERROR:process_memory_win.cc(73)] ReadMemory at 0x23ef1cf6fc0 of 64 bytes failed: Only part of a ReadProcessMemory or WriteProcessMemory request was completed. (0x12B)
[0313/223656.312:ERROR:process_memory_win.cc(73)] ReadMemory at 0x23ef1cf7010 of 64 bytes failed: Only part of a ReadProcessMemory or WriteProcessMemory request was completed. (0x12B)
[0313/223656.312:ERROR:process_memory_win.cc(73)] ReadMemory at 0x23ef1cf7100 of 62 bytes failed: Only part of a ReadProcessMemory or WriteProcessMemory request was completed. (0x12B)
[0313/223656.312:ERROR:process_memory_win.cc(73)] ReadMemory at 0x23ef1cf7150 of 62 bytes failed: Only part of a ReadProcessMemory or WriteProcessMemory request was completed. (0x12B)
[0313/223656.313:ERROR:process_memory_win.cc(73)] ReadMemory at 0x23ef1cf7290 of 60 bytes failed: Only part of a ReadProcessMemory or WriteProcessMemory request was completed. (0x12B)
[0313/223656.313:ERROR:process_memory_win.cc(73)] ReadMemory at 0x23ef1cf7420 of 62 bytes failed: Only part of a ReadProcessMemory or WriteProcessMemory request was completed. (0x12B)
[0313/223656.313:ERROR:process_memory_win.cc(73)] ReadMemory at 0x23ef1cf7920 of 132 bytes failed: Only part of a ReadProcessMemory or WriteProcessMemory request was completed. (0x12B)
[0313/223656.313:ERROR:process_memory_win.cc(73)] ReadMemory at 0x23ef1cf7a50 of 132 bytes failed: Only part of a ReadProcessMemory or WriteProcessMemory request was completed. (0x12B)
[0313/223656.313:ERROR:process_memory_win.cc(73)] ReadMemory at 0x23ef1cf7b80 of 132 bytes failed: Only part of a ReadProcessMemory or WriteProcessMemory request was completed. (0x12B)
[0313/223656.313:ERROR:process_memory_win.cc(73)] ReadMemory at 0x23ef1cf7cb0 of 132 bytes failed: Only part of a ReadProcessMemory or WriteProcessMemory request was completed. (0x12B)
[0313/223656.313:ERROR:process_memory_win.cc(73)] ReadMemory at 0x23ef1cf7de0 of 132 bytes failed: Only part of a ReadProcessMemory or WriteProcessMemory request was completed. (0x12B)
[0313/223656.313:ERROR:process_memory_win.cc(73)] ReadMemory at 0x23ef1cf7f10 of 132 bytes failed: Only part of a ReadProcessMemory or WriteProcessMemory request was completed. (0x12B)
[0313/223656.313:ERROR:process_memory_win.cc(73)] ReadMemory at 0x23ef1cf8040 of 132 bytes failed: Only part of a ReadProcessMemory or WriteProcessMemory request was completed. (0x12B)
[0313/223656.313:ERROR:process_memory_win.cc(73)] ReadMemory at 0x23ef1cf8170 of 132 bytes failed: Only part of a ReadProcessMemory or WriteProcessMemory request was completed. (0x12B)
[0313/223656.313:ERROR:process_memory_win.cc(73)] ReadMemory at 0x23ef1cf82a0 of 132 bytes failed: Only part of a ReadProcessMemory or WriteProcessMemory request was completed. (0x12B)
[0313/223656.313:ERROR:process_memory_win.cc(73)] ReadMemory at 0x23ef1cf83d0 of 132 bytes failed: Only part of a ReadProcessMemory or WriteProcessMemory request was completed. (0x12B)
[0313/223656.313:ERROR:process_memory_win.cc(73)] ReadMemory at 0x23ef1cf8630 of 132 bytes failed: Only part of a ReadProcessMemory or WriteProcessMemory request was completed. (0x12B)
[0313/223656.313:ERROR:process_memory_win.cc(73)] ReadMemory at 0x23ef1cf8890 of 132 bytes failed: Only part of a ReadProcessMemory or WriteProcessMemory request was completed. (0x12B)
[0313/223656.313:ERROR:process_memory_win.cc(73)] ReadMemory at 0x23ef1cf8af0 of 132 bytes failed: Only part of a ReadProcessMemory or WriteProcessMemory request was completed. (0x12B)
[0313/223656.313:ERROR:process_memory_win.cc(73)] ReadMemory at 0x23ef1cf8c20 of 132 bytes failed: Only part of a ReadProcessMemory or WriteProcessMemory request was completed. (0x12B)
[0313/223656.314:ERROR:process_memory_win.cc(73)] ReadMemory at 0x23ef1cf8d50 of 132 bytes failed: Only part of a ReadProcessMemory or WriteProcessMemory request was completed. (0x12B)
[0313/223656.314:ERROR:process_memory_win.cc(73)] ReadMemory at 0x23ef1cf8e80 of 132 bytes failed: Only part of a ReadProcessMemory or WriteProcessMemory request was completed. (0x12B)
[0313/223656.314:ERROR:process_memory_win.cc(73)] ReadMemory at 0x23ef1cf8fb0 of 132 bytes failed: Only part of a ReadProcessMemory or WriteProcessMemory request was completed. (0x12B)
[0313/223656.314:ERROR:process_memory_win.cc(73)] ReadMemory at 0x23ef1cf90e0 of 132 bytes failed: Only part of a ReadProcessMemory or WriteProcessMemory request was completed. (0x12B)
[0313/223656.314:ERROR:process_memory_win.cc(73)] ReadMemory at 0x23ef1cf9210 of 132 bytes failed: Only part of a ReadProcessMemory or WriteProcessMemory request was completed. (0x12B)
[0313/223656.314:ERROR:process_memory_win.cc(73)] ReadMemory at 0x23ef1cf9340 of 132 bytes failed: Only part of a ReadProcessMemory or WriteProcessMemory request was completed. (0x12B)
[0313/223656.314:ERROR:process_memory_win.cc(73)] ReadMemory at 0x23ef1cf9470 of 132 bytes failed: Only part of a ReadProcessMemory or WriteProcessMemory request was completed. (0x12B)
[0313/223656.314:ERROR:process_memory_win.cc(73)] ReadMemory at 0x23ef1d02cf0 of 60 bytes failed: Only part of a ReadProcessMemory or WriteProcessMemory request was completed. (0x12B)
[0313/223656.314:ERROR:process_memory_win.cc(73)] ReadMemory at 0x23ef1d02d90 of 58 bytes failed: Only part of a ReadProcessMemory or WriteProcessMemory request was completed. (0x12B)
[0313/223656.314:ERROR:process_memory_win.cc(73)] ReadMemory at 0x23ef1d02e30 of 62 bytes failed: Only part of a ReadProcessMemory or WriteProcessMemory request was completed. (0x12B)
[0313/223656.314:ERROR:process_memory_win.cc(73)] ReadMemory at 0x23ef1d03010 of 60 bytes failed: Only part of a ReadProcessMemory or WriteProcessMemory request was completed. (0x12B)
[0313/223656.314:ERROR:process_memory_win.cc(73)] ReadMemory at 0x23ef1d033d0 of 58 bytes failed: Only part of a ReadProcessMemory or WriteProcessMemory request was completed. (0x12B)
[0313/223656.314:ERROR:process_memory_win.cc(73)] ReadMemory at 0x23ef1d03740 of 64 bytes failed: Only part of a ReadProcessMemory or WriteProcessMemory request was completed. (0x12B)
[0313/223656.314:ERROR:process_memory_win.cc(73)] ReadMemory at 0x23ef1d03790 of 62 bytes failed: Only part of a ReadProcessMemory or WriteProcessMemory request was completed. (0x12B)
[0313/223656.314:ERROR:process_memory_win.cc(73)] ReadMemory at 0x23ef1d037e0 of 62 bytes failed: Only part of a ReadProcessMemory or WriteProcessMemory request was completed. (0x12B)
[0313/223656.314:ERROR:process_memory_win.cc(73)] ReadMemory at 0x23ef1d03a60 of 66 bytes failed: Only part of a ReadProcessMemory or WriteProcessMemory request was completed. (0x12B)
[0313/223656.314:ERROR:process_memory_win.cc(73)] ReadMemory at 0x23ef1d16c60 of 512 bytes failed: Only part of a ReadProcessMemory or WriteProcessMemory request was completed. (0x12B)
[0313/223656.315:ERROR:process_memory_win.cc(73)] ReadMemory at 0x23ef1d18440 of 512 bytes failed: Only part of a ReadProcessMemory or WriteProcessMemory request was completed. (0x12B)
[0313/223656.315:ERROR:process_memory_win.cc(73)] ReadMemory at 0x4e0f088dbf7d of 512 bytes failed: Only part of a ReadProcessMemory or WriteProcessMemory request was completed. (0x12B)
[0313/223656.315:ERROR:process_memory_win.cc(73)] ReadMemory at 0x7ffdeaf99e16 of 512 bytes failed: Only part of a ReadProcessMemory or WriteProcessMemory request was completed. (0x12B)
[0313/223656.315:ERROR:process_memory_win.cc(73)] ReadMemory at 0x7ffdecaf11a8 of 512 bytes failed: Only part of a ReadProcessMemory or WriteProcessMemory request was completed. (0x12B)
[0313/223656.315:ERROR:process_memory_win.cc(73)] ReadMemory at 0x7ffdece7026c of 512 bytes failed: Only part of a ReadProcessMemory or WriteProcessMemory request was completed. (0x12B)
[0313/223656.315:ERROR:process_memory_win.cc(73)] ReadMemory at 0x7ffe47ac90d9 of 512 bytes failed: Only part of a ReadProcessMemory or WriteProcessMemory request was completed. (0x12B)
[0313/223656.315:ERROR:process_memory_win.cc(73)] ReadMemory at 0x7ffe4addff00 of 512 bytes failed: Only part of a ReadProcessMemory or WriteProcessMemory request was completed. (0x12B)
[0313/223656.315:ERROR:process_memory_win.cc(73)] ReadMemory at 0x7ffe4ae2f754 of 672 bytes failed: Only part of a ReadProcessMemory or WriteProcessMemory request was completed. (0x12B)
[0313/223656.315:ERROR:process_memory_win.cc(73)] ReadMemory at 0x7ffe4ae2fd54 of 512 bytes failed: Only part of a ReadProcessMemory or WriteProcessMemory request was completed. (0x12B)
[0313/223656.315:ERROR:process_memory_win.cc(73)] ReadMemory at 0x7ffe4ae32fe4 of 608 bytes failed: Only part of a ReadProcessMemory or WriteProcessMemory request was completed. (0x12B)
[0313/223656.315:ERROR:process_memory_win.cc(73)] ReadMemory at 0x7ffe4aebc0c8 of 18 bytes failed: Only part of a ReadProcessMemory or WriteProcessMemory request was completed. (0x12B)
[0313/223656.315:ERROR:process_memory_win.cc(73)] ReadMemory at 0x7ffe4aeef4f8 of 40 bytes failed: Only part of a ReadProcessMemory or WriteProcessMemory request was completed. (0x12B)
[0313/223656.316:ERROR:process_memory_win.cc(73)] ReadMemory at 0x7ffe4aeef978 of 48 bytes failed: Only part of a ReadProcessMemory or WriteProcessMemory request was completed. (0x12B)
[0313/223656.316:ERROR:process_memory_win.cc(73)] ReadMemory at 0x7ffe4aef53a0 of 64 bytes failed: Only part of a ReadProcessMemory or WriteProcessMemory request was completed. (0x12B)
[0313/223656.318:ERROR:scoped_process_suspend.cc(40)] NtResumeProcess: An attempt was made to access an exiting process. (0xc000010a)
